<html>
<body>
<pre>
<h1>µVision Build Log</h1>
<h2>Tool Versions:</h2>
IDE-Version: ¦ÌVision V5.24.2.0
Copyright (C) 2017 ARM Ltd and ARM Germany GmbH. All rights reserved.
License Information: dd fc, dd, LIC=47GU5-GEZ4U-KPUZY-I50N5-GK9DJ-KWB6B
 
Tool Versions:
Toolchain:       MDK-ARM Plus  Version: 5.24.1
Toolchain Path:  C:\Keil_v5\ARM\ARMCC\Bin
C Compiler:      Armcc.exe V5.06 update 5 (build 528)
Assembler:       Armasm.exe V5.06 update 5 (build 528)
Linker/Locator:  ArmLink.exe V5.06 update 5 (build 528)
Library Manager: ArmAr.exe V5.06 update 5 (build 528)
Hex Converter:   FromElf.exe V5.06 update 5 (build 528)
CPU DLL:         SARMCM3.DLL V5.24.1
Dialog DLL:      DCM.DLL V1.16.0.0
Target DLL:      STLink\ST-LINKIII-KEIL_SWO.dll V3.0.1.0
Dialog DLL:      TCM.DLL V1.32.0.0
 
<h2>Project:</h2>
D:\STM32proctect_keil\·äÃùÆ÷\project.uvprojx
Project File Date:  09/24/2024

<h2>Output:</h2>
*** Using Compiler 'V5.06 update 5 (build 528)', folder: 'C:\Keil_v5\ARM\ARMCC\Bin'
Build target 'Target 1'
compiling beep.c...
.\System\delay.h(4): error:  #20: identifier "uint32_t" is undefined
  void Delay_us(uint32_t us);
.\System\delay.h(5): error:  #20: identifier "uint32_t" is undefined
  void Delay_ms(uint32_t ms);
.\System\delay.h(6): error:  #20: identifier "uint32_t" is undefined
  void Delay_s(uint32_t s);
beep\beep.h(12): error:  #20: identifier "uint16_t" is undefined
  void Sound(uint16_t frq);
beep\beep.h(13): error:  #20: identifier "uint16_t" is undefined
  void Sound2(uint16_t time);
beep\beep.c(24): warning:  #223-D: function "PBout" declared implicitly
  		
Beep = 1;
beep\beep.c(24): error:  #137: expression must be a modifiable lvalue
  		
Beep = 1;
beep\beep.c(26): error:  #137: expression must be a modifiable lvalue
  		
Beep = 0;
beep\beep.c(29): warning:  #223-D: function "delay_us" declared implicitly
  		delay_us(1000);
beep\beep.c(33): warning:  #223-D: function "PBout" declared implicitly
      
Beep = 1;
beep\beep.c(33): error:  #137: expression must be a modifiable lvalue
      
Beep = 1;
beep\beep.c(35): error:  #137: expression must be a modifiable lvalue
      
Beep = 0;
beep\beep.c: 3 warnings, 9 errors
compiling main.c...
".\Objects\project.axf" - 9 Error(s), 3 Warning(s).

<h2>Software Packages used:</h2>

Package Vendor: Keil
                http://www.keil.com/pack/Keil.STM32F1xx_DFP.2.2.0.pack
                Keil.STM32F1xx_DFP.2.2.0
                STMicroelectronics STM32F1 Series Device Support, Drivers and Examples

<h2>Collection of Component include folders:</h2>
  .\RTE\_Target_1
  C:\Keil_v5\ARM\PACK\Keil\STM32F1xx_DFP\2.2.0\Device\Include

<h2>Collection of Component Files used:</h2>
Target not created.
Build Time Elapsed:  00:00:00
</pre>
</body>
</html>
